2025-06-20 20:09:56,641 - INFO - Database engine created successfully
2025-06-20 20:09:56,641 - INFO - === Starting ETL Pipeline ===
2025-06-20 20:09:56,642 - INFO - Extract phase started
2025-06-20 20:09:56,642 - INFO - Generating sample data for 20 employees over 3 months
2025-06-20 20:09:56,713 - INFO - Transform phase started
2025-06-20 20:09:56,713 - INFO - Transforming data...
2025-06-20 20:09:56,747 - WARNING - Found 133 records with invalid time entries
2025-06-20 20:09:56,751 - INFO - Load phase started
2025-06-20 20:09:56,751 - INFO - Loading data into warehouse...
2025-06-20 20:09:56,845 - INFO - package: mysql.connector.plugins
2025-06-20 20:09:56,846 - INFO - plugin_name: mysql_native_password
2025-06-20 20:09:56,846 - INFO - AUTHENTICATION_PLUGIN_CLASS: MySQLNativePasswordAuthPlugin
2025-06-20 20:09:56,848 - INFO - package: mysql.connector.plugins
2025-06-20 20:09:56,848 - INFO - plugin_name: caching_sha2_password
2025-06-20 20:09:56,848 - INFO - AUTHENTICATION_PLUGIN_CLASS: MySQLCachingSHA2PasswordAuthPlugin
2025-06-20 20:09:56,861 - ERROR - Failed to load data: Not an executable object: 'SET FOREIGN_KEY_CHECKS=0'
2025-06-20 20:09:56,861 - ERROR - ETL Pipeline Failed: Not an executable object: 'SET FOREIGN_KEY_CHECKS=0'
2025-06-20 20:24:59,941 - INFO - Database engine created successfully
2025-06-20 20:24:59,942 - INFO - === Starting ETL Pipeline ===
2025-06-20 20:24:59,942 - INFO - Extract phase started
2025-06-20 20:24:59,942 - INFO - Generating sample data...
2025-06-20 20:25:00,006 - INFO - Transform phase started
2025-06-20 20:25:00,006 - INFO - Transforming data...
2025-06-20 20:25:00,071 - WARNING - Found 380 records with invalid time entries
2025-06-20 20:25:00,075 - INFO - Load phase started
2025-06-20 20:25:00,075 - INFO - Loading data into warehouse...
2025-06-20 20:25:00,075 - ERROR - Failed to load data: Connection.__init__() got an unexpected keyword argument 'auth_plugin'
2025-06-20 20:25:00,075 - ERROR - ETL Pipeline Failed: Connection.__init__() got an unexpected keyword argument 'auth_plugin'
2025-06-20 20:28:25,242 - ERROR - Failed to create database engine: 'auth_plugin'
2025-06-20 20:30:57,754 - INFO - Database engine created successfully
2025-06-20 20:30:57,754 - INFO - === Starting ETL Pipeline ===
2025-06-20 20:30:57,755 - INFO - Extract phase started
2025-06-20 20:30:57,755 - INFO - Generating sample data...
2025-06-20 20:30:57,838 - INFO - Transform phase started
2025-06-20 20:30:57,839 - INFO - Transforming data...
2025-06-20 20:30:57,897 - WARNING - Found 347 records with invalid time entries
2025-06-20 20:30:57,901 - INFO - Load phase started
2025-06-20 20:30:57,901 - INFO - Loading data into warehouse...
2025-06-20 20:30:57,901 - ERROR - Failed to load data: Connection.__init__() got an unexpected keyword argument 'auth_plugin'
2025-06-20 20:30:57,902 - ERROR - ETL Pipeline Failed: Connection.__init__() got an unexpected keyword argument 'auth_plugin'
2025-06-20 20:37:12,357 - INFO - Database engine created successfully
2025-06-20 20:37:12,357 - INFO - === Starting ETL Pipeline ===
2025-06-20 20:37:12,357 - INFO - Extract phase started
2025-06-20 20:37:12,357 - INFO - Generating sample data...
2025-06-20 20:37:12,421 - INFO - Transform phase started
2025-06-20 20:37:12,422 - INFO - Transforming data...
2025-06-20 20:37:12,468 - WARNING - Found 357 records with invalid time entries
2025-06-20 20:37:12,472 - INFO - Load phase started
2025-06-20 20:37:12,472 - INFO - Loading data into warehouse...
2025-06-20 20:37:12,472 - ERROR - Failed to load data: Connection.__init__() got an unexpected keyword argument 'auth_plugin'
2025-06-20 20:37:12,473 - ERROR - ETL Pipeline Failed: Connection.__init__() got an unexpected keyword argument 'auth_plugin'
2025-06-20 20:39:34,019 - INFO - Database engine created successfully
2025-06-20 20:39:34,019 - INFO - === Starting ETL Pipeline ===
2025-06-20 20:39:34,019 - INFO - Extract phase started
2025-06-20 20:39:34,019 - INFO - Generating sample data...
2025-06-20 20:39:34,081 - INFO - Transform phase started
2025-06-20 20:39:34,081 - INFO - Transforming data...
2025-06-20 20:39:34,126 - WARNING - Found 355 records with invalid time entries
2025-06-20 20:39:34,129 - INFO - Load phase started
2025-06-20 20:39:34,129 - INFO - Loading data into warehouse...
2025-06-20 20:39:34,130 - ERROR - Failed to load data: Connection.__init__() got an unexpected keyword argument 'auth_plugin'
2025-06-20 20:39:34,130 - ERROR - ETL Pipeline Failed: Connection.__init__() got an unexpected keyword argument 'auth_plugin'
2025-06-20 20:40:21,809 - ERROR - Failed to create database engine: 'auth_plugin'
2025-06-20 20:40:42,737 - INFO - Database engine created successfully
2025-06-20 20:40:42,737 - INFO - === Starting ETL Pipeline ===
2025-06-20 20:40:42,738 - INFO - Extract phase started
2025-06-20 20:40:42,738 - INFO - Generating sample data...
2025-06-20 20:40:42,807 - INFO - Transform phase started
2025-06-20 20:40:42,807 - INFO - Transforming data...
2025-06-20 20:40:42,854 - WARNING - Found 354 records with invalid time entries
2025-06-20 20:40:42,857 - INFO - Load phase started
2025-06-20 20:40:42,857 - INFO - Loading data into warehouse...
2025-06-20 20:40:42,867 - ERROR - Failed to load data: (pymysql.err.OperationalError) (2003, "Can't connect to MySQL server on 'localhost' ([Errno 111] Connection refused)")
(Background on this error at: https://sqlalche.me/e/20/e3q8)
2025-06-20 20:40:42,867 - ERROR - ETL Pipeline Failed: (pymysql.err.OperationalError) (2003, "Can't connect to MySQL server on 'localhost' ([Errno 111] Connection refused)")
(Background on this error at: https://sqlalche.me/e/20/e3q8)
2025-06-20 20:41:45,820 - INFO - Database engine created successfully
2025-06-20 20:41:45,821 - INFO - === Starting ETL Pipeline ===
2025-06-20 20:41:45,821 - INFO - Extract phase started
2025-06-20 20:41:45,821 - INFO - Generating sample data...
2025-06-20 20:41:45,885 - INFO - Transform phase started
2025-06-20 20:41:45,885 - INFO - Transforming data...
2025-06-20 20:41:45,930 - WARNING - Found 382 records with invalid time entries
2025-06-20 20:41:45,934 - INFO - Load phase started
2025-06-20 20:41:45,934 - INFO - Loading data into warehouse...
2025-06-20 20:41:45,971 - INFO - Loading dim_karyawan...
2025-06-20 20:41:46,274 - INFO - Loading dim_waktu...
2025-06-20 20:41:46,380 - INFO - Loading dim_shift...
2025-06-20 20:41:46,475 - INFO - Loading dim_departemen...
2025-06-20 20:41:46,621 - INFO - Loading fakta_absensi...
2025-06-20 20:41:46,839 - INFO - Data loading completed successfully
2025-06-20 20:41:46,839 - INFO - === ETL Pipeline Completed Successfully ===
2025-06-20 20:42:31,217 - INFO - Database engine created successfully
2025-06-20 20:42:31,218 - INFO - === Starting ETL Pipeline ===
2025-06-20 20:42:31,218 - INFO - Extract phase started
2025-06-20 20:42:31,218 - INFO - Generating sample data...
2025-06-20 20:42:31,279 - INFO - Transform phase started
2025-06-20 20:42:31,280 - INFO - Transforming data...
2025-06-20 20:42:31,327 - WARNING - Found 364 records with invalid time entries
2025-06-20 20:42:31,332 - INFO - Load phase started
2025-06-20 20:42:31,332 - INFO - Loading data into warehouse...
2025-06-20 20:42:31,346 - INFO - Loading dim_karyawan...
2025-06-20 20:42:31,449 - INFO - Loading dim_waktu...
2025-06-20 20:42:31,542 - INFO - Loading dim_shift...
2025-06-20 20:42:31,628 - INFO - Loading dim_departemen...
2025-06-20 20:42:31,708 - INFO - Loading fakta_absensi...
2025-06-20 20:42:31,894 - INFO - Data loading completed successfully
2025-06-20 20:42:31,894 - INFO - === ETL Pipeline Completed Successfully ===
2025-06-20 20:42:31,896 - INFO - Generating attendance dashboard...
2025-06-20 20:42:31,896 - ERROR - Failed to generate dashboard: Connection.__init__() got an unexpected keyword argument 'auth_plugin'
2025-06-20 20:48:45,703 - INFO - Database engine created successfully
2025-06-20 20:48:45,704 - INFO - === Starting ETL Pipeline ===
2025-06-20 20:48:45,704 - INFO - Generating sample data...
2025-06-20 20:48:45,771 - INFO - Transforming data...
2025-06-20 20:48:45,816 - WARNING - Found 367 records with invalid time entries
2025-06-20 20:48:45,820 - INFO - Loading data into warehouse...
2025-06-20 20:48:45,835 - INFO - Loading dim_karyawan...
2025-06-20 20:48:45,944 - INFO - Loading dim_waktu...
2025-06-20 20:48:46,044 - INFO - Loading dim_shift...
2025-06-20 20:48:46,125 - INFO - Loading dim_departemen...
2025-06-20 20:48:46,209 - INFO - Loading fakta_absensi...
2025-06-20 20:48:46,419 - INFO - Data loading completed successfully
2025-06-20 20:48:46,420 - INFO - === ETL Pipeline Completed Successfully ===
2025-06-20 20:48:46,421 - INFO - Generating attendance dashboard...
2025-06-20 20:48:47,569 - INFO - Dashboard generation completed
2025-06-20 21:03:36,157 - INFO - Database engine created successfully
2025-06-20 21:03:36,158 - INFO - === Starting ETL Pipeline ===
2025-06-20 21:03:36,159 - INFO - Generating sample data...
2025-06-20 21:03:36,194 - INFO - Transforming data...
2025-06-20 21:03:36,292 - INFO - Loading data into warehouse...
2025-06-20 21:03:36,398 - INFO - Loading dim_karyawan...
2025-06-20 21:03:36,882 - INFO - Loading dim_waktu...
2025-06-20 21:03:37,021 - INFO - Loading dim_shift...
2025-06-20 21:03:37,140 - INFO - Loading dim_departemen...
2025-06-20 21:03:37,229 - INFO - Loading fakta_absensi...
2025-06-20 21:03:37,412 - INFO - Data loading completed successfully
2025-06-20 21:03:37,412 - INFO - === ETL Pipeline Completed Successfully ===
2025-06-20 21:03:37,414 - INFO - Generating attendance dashboard...
2025-06-20 21:03:38,656 - INFO - Dashboard generation completed
2025-06-20 21:10:07,833 - INFO - Database engine created successfully
2025-06-20 21:10:07,834 - INFO - === Starting ETL Pipeline ===
2025-06-20 21:10:07,834 - INFO - Generating sample data...
2025-06-20 21:10:07,896 - INFO - Transforming data...
2025-06-20 21:10:07,945 - INFO - Loading data into data warehouse...
2025-06-20 21:10:08,039 - INFO - Loading dim_karyawan...
2025-06-20 21:10:08,335 - INFO - Loading dim_waktu...
2025-06-20 21:10:08,456 - INFO - Loading dim_shift...
2025-06-20 21:10:08,563 - INFO - Loading dim_departemen...
2025-06-20 21:10:08,696 - INFO - Loading fakta_absensi...
2025-06-20 21:10:08,980 - INFO - Data loading completed successfully
2025-06-20 21:10:08,980 - INFO - === ETL Completed ===
2025-06-20 21:13:47,713 - INFO - Database engine created successfully
2025-06-20 21:13:47,713 - INFO - === Starting ETL Pipeline ===
2025-06-20 21:13:47,713 - INFO - Generating sample data...
2025-06-20 21:13:47,737 - INFO - Transforming data...
2025-06-20 21:13:47,772 - INFO - Loading data into data warehouse...
2025-06-20 21:13:47,794 - INFO - Loading dim_karyawan...
2025-06-20 21:13:47,961 - INFO - Loading dim_waktu...
2025-06-20 21:13:48,077 - INFO - Loading dim_shift...
2025-06-20 21:13:48,196 - INFO - Loading dim_departemen...
2025-06-20 21:13:48,308 - INFO - Loading fakta_absensi...
2025-06-20 21:13:48,497 - INFO - Data loading completed successfully
2025-06-20 21:13:48,497 - INFO - === ETL Completed ===
2025-06-20 21:13:48,498 - INFO - Generating dashboard...
2025-06-20 21:13:49,388 - INFO - Dashboard saved to dashboard_bulanan.html
2025-06-20 22:45:28,817 - INFO - Database engine created successfully
2025-06-20 22:45:28,818 - INFO - === Starting ETL Pipeline ===
2025-06-20 22:45:28,818 - INFO - Generating sample data...
2025-06-20 22:45:28,858 - INFO - Transforming data...
2025-06-20 22:45:28,934 - INFO - Loading data into data warehouse...
2025-06-20 22:45:29,119 - INFO - Loading dim_karyawan...
2025-06-20 22:45:29,772 - INFO - Loading dim_waktu...
2025-06-20 22:45:30,002 - INFO - Loading dim_shift...
2025-06-20 22:45:30,133 - INFO - Loading dim_departemen...
2025-06-20 22:45:30,259 - INFO - Loading fakta_absensi...
2025-06-20 22:45:30,499 - INFO - Data loading completed successfully
2025-06-20 22:45:30,499 - INFO - === ETL Completed ===
2025-06-20 22:45:30,502 - INFO - Generating comprehensive dashboard...
2025-06-20 22:49:44,145 - INFO - Database engine created successfully
2025-06-20 22:49:44,145 - INFO - === Starting ETL Pipeline ===
2025-06-20 22:49:44,145 - INFO - Generating sample data...
2025-06-20 22:49:44,175 - INFO - Transforming data...
2025-06-20 22:49:44,221 - INFO - Loading data into data warehouse...
2025-06-20 22:49:44,264 - INFO - Loading dim_karyawan...
2025-06-20 22:49:44,491 - INFO - Loading dim_waktu...
2025-06-20 22:49:44,599 - INFO - Loading dim_shift...
2025-06-20 22:49:44,696 - INFO - Loading dim_departemen...
2025-06-20 22:49:44,797 - INFO - Loading fakta_absensi...
2025-06-20 22:49:45,014 - INFO - Data loading completed successfully
2025-06-20 22:49:45,014 - INFO - === ETL Completed ===
2025-06-20 22:49:45,016 - INFO - Generating comprehensive dashboard...
2025-06-20 22:49:46,344 - INFO - Dashboard components saved as separate HTML files
2025-06-20 23:08:31,784 - INFO - Database engine created successfully
2025-06-20 23:08:31,786 - INFO - === Starting ETL Pipeline ===
2025-06-20 23:08:31,786 - INFO - Generating sample data...
2025-06-20 23:08:31,826 - INFO - Transforming data...
2025-06-20 23:08:31,892 - INFO - Loading data into data warehouse...
2025-06-20 23:08:32,063 - INFO - Loading dim_karyawan...
2025-06-20 23:08:30,475 - INFO - Loading dim_waktu...
2025-06-20 23:08:30,663 - INFO - Loading dim_shift...
2025-06-20 23:08:30,834 - INFO - Loading dim_departemen...
2025-06-20 23:08:31,033 - INFO - Loading fakta_absensi...
2025-06-20 23:08:31,293 - INFO - Data loading completed successfully
2025-06-20 23:08:31,293 - INFO - === ETL Completed ===
2025-06-20 23:08:31,295 - INFO - Generating comprehensive dashboard...
2025-06-20 23:08:34,258 - INFO - Dashboard components saved as separate HTML files
2025-06-20 23:22:51,279 - INFO - Database engine created successfully
2025-06-20 23:22:51,280 - INFO - === Starting ETL Pipeline ===
2025-06-20 23:22:51,280 - INFO - Generating sample data...
2025-06-20 23:22:51,317 - INFO - Transforming data...
2025-06-20 23:22:51,380 - INFO - Loading data into data warehouse...
2025-06-20 23:22:51,459 - INFO - Loading dim_karyawan...
2025-06-20 23:22:51,981 - INFO - Loading dim_waktu...
2025-06-20 23:22:52,217 - INFO - Loading dim_shift...
2025-06-20 23:22:52,425 - INFO - Loading dim_departemen...
2025-06-20 23:22:52,653 - INFO - Loading fakta_absensi...
2025-06-20 23:22:53,064 - INFO - Data loading completed successfully
2025-06-20 23:22:53,065 - INFO - === ETL Completed ===
2025-06-20 23:22:53,068 - INFO - Generating comprehensive dashboard...
2025-06-20 23:22:55,751 - INFO - Dashboard components saved as separate HTML files
2025-06-20 23:34:44,701 - INFO - Database engine created successfully
2025-06-20 23:34:44,702 - INFO - === Starting ETL Pipeline ===
2025-06-20 23:34:44,702 - INFO - Generating sample data...
2025-06-20 23:34:44,733 - INFO - Transforming data...
2025-06-20 23:34:44,789 - INFO - Loading data into data warehouse...
2025-06-20 23:34:44,847 - INFO - Loading dim_karyawan...
2025-06-20 23:34:45,211 - INFO - Loading dim_waktu...
2025-06-20 23:34:45,333 - INFO - Loading dim_shift...
2025-06-20 23:34:45,479 - INFO - Loading dim_departemen...
2025-06-20 23:34:45,624 - INFO - Loading fakta_absensi...
2025-06-20 23:34:45,906 - INFO - Data loading completed successfully
2025-06-20 23:34:45,906 - INFO - === ETL Completed ===
2025-06-20 23:34:45,910 - INFO - Generating comprehensive dashboard...
2025-06-20 23:47:56,487 - INFO - Database engine created successfully
2025-06-20 23:47:56,488 - INFO - === Starting ETL Pipeline ===
2025-06-20 23:47:56,488 - INFO - Generating sample data...
2025-06-20 23:47:56,517 - INFO - Transforming data...
2025-06-20 23:47:56,560 - INFO - Loading data into data warehouse...
2025-06-20 23:47:56,604 - INFO - Loading dim_karyawan...
2025-06-20 23:47:56,953 - INFO - Loading dim_waktu...
2025-06-20 23:47:57,132 - INFO - Loading dim_shift...
2025-06-20 23:47:57,326 - INFO - Loading dim_departemen...
2025-06-20 23:47:57,518 - INFO - Loading fakta_absensi...
2025-06-20 23:47:57,797 - INFO - Data loading completed successfully
2025-06-20 23:47:57,798 - INFO - === ETL Completed ===
2025-06-20 23:47:57,801 - INFO - Generating comprehensive dashboard...
2025-06-20 23:48:00,239 - INFO - Dashboard components saved as separate HTML files
2025-06-20 23:51:53,802 - INFO - Database engine created successfully
2025-06-20 23:51:53,803 - INFO - === Starting ETL Pipeline ===
2025-06-20 23:51:53,803 - INFO - Generating sample data...
2025-06-20 23:51:53,835 - INFO - Transforming data...
2025-06-20 23:51:53,904 - INFO - Loading data into data warehouse...
2025-06-20 23:51:53,957 - INFO - Loading dim_karyawan...
2025-06-20 23:51:54,207 - INFO - Loading dim_waktu...
2025-06-20 23:51:54,316 - INFO - Loading dim_shift...
2025-06-20 23:51:54,467 - INFO - Loading dim_departemen...
2025-06-20 23:51:54,619 - INFO - Loading fakta_absensi...
2025-06-20 23:51:54,836 - INFO - Data loading completed successfully
2025-06-20 23:51:54,837 - INFO - === ETL Completed ===
2025-06-20 23:51:54,840 - INFO - Generating comprehensive dashboard...
2025-06-20 23:51:54,301 - INFO - Dashboard components saved as separate HTML files
2025-06-21 00:14:34,515 - INFO - Database engine created successfully
2025-06-21 00:14:34,516 - INFO - === Starting ETL Pipeline ===
2025-06-21 00:14:34,516 - INFO - Generating sample data...
2025-06-21 00:14:34,546 - INFO - Transforming data...
2025-06-21 00:14:34,594 - INFO - Loading data into data warehouse...
2025-06-21 00:21:57,373 - ERROR - Failed to create database engine: Connection.__init__() got an unexpected keyword argument 'auth_plugin'
2025-06-21 00:23:23,899 - ERROR - Failed to create database engine: Connection.__init__() got an unexpected keyword argument 'auth_plugin'
2025-06-21 00:29:47,351 - INFO - === Starting ETL Pipeline ===
2025-06-21 00:29:47,351 - INFO - Generating sample data...
2025-06-21 00:29:47,375 - INFO - Transforming data...
2025-06-21 00:29:47,414 - INFO - Loading data into data warehouse...
2025-06-21 00:34:00,420 - INFO - === Starting ETL Pipeline ===
2025-06-21 00:34:00,420 - INFO - Generating sample data...
2025-06-21 00:34:00,448 - INFO - Transforming data...
2025-06-21 00:34:00,478 - INFO - Loading data into data warehouse...
2025-06-21 00:34:00,815 - INFO - Created table: dim_karyawan
2025-06-21 00:34:00,856 - INFO - Created table: dim_waktu
2025-06-21 00:34:00,896 - INFO - Created table: dim_shift
2025-06-21 00:34:00,942 - INFO - Created table: dim_departemen
2025-06-21 00:34:01,020 - INFO - Created table: fakta_absensi
2025-06-21 00:34:01,023 - INFO - Loading dim_karyawan...
2025-06-21 00:34:01,059 - INFO - Loading dim_waktu...
2025-06-21 00:34:01,071 - INFO - Loading dim_shift...
2025-06-21 00:34:01,081 - INFO - Loading dim_departemen...
2025-06-21 00:34:01,088 - INFO - Loading fakta_absensi...
2025-06-21 00:34:01,138 - INFO - Data loading completed successfully
2025-06-21 00:34:01,138 - INFO - === ETL Completed ===
2025-06-21 00:34:01,140 - INFO - Generating comprehensive dashboard...
2025-06-21 00:34:02,456 - INFO - Dashboard components saved as separate HTML files
